{
    "time": "2026-01-16 13:29:29",
    "status": "INFO",
    "type": "leads",
    "data": {
        "fname": "Noelle",
        "lname": "Keane",
        "phone": "9856564625",
        "email": "galaqitifo@mailinator.com",
        "utm_campaign": "",
        "formtype": "contact",
        "tracker_code": "",
        "gclid": "",
        "utm_term": "",
        "utm_placement": "",
        "utm_device": "",
        "utm_subsource": "",
        "utm_ad_group": "",
        "utm_ad": "",
        "utm_channel": "",
        "keyword": "",
        "site_url": "https:\/\/evershinebliss.com\/",
        "contact": "",
        "random_val": "34567890123456789012",
        "USOURCE": "",
        "UMEDIUM": "",
        "UCAMPAIGN": "",
        "UCONTENT": "",
        "UTERM": "",
        "IREFERRER": "direct",
        "LREFERRER": "direct",
        "ILANDPAGE": "https%3A\/\/evershinebliss.com\/",
        "VISITS": "1",
        "utm_source": "",
        "ip_address": "43.251.73.183"
    }
}

{
    "time": "2026-01-16 13:33:53",
    "status": "INFO",
    "type": "leads",
    "data": {
        "fname": "Nina",
        "lname": "Pearl",
        "phone": "7672412455",
        "email": "qabo@mailinator.com",
        "utm_campaign": "Mumbai Bliss",
        "formtype": "contact",
        "tracker_code": "",
        "gclid": "",
        "utm_term": "",
        "utm_placement": "",
        "utm_device": "",
        "utm_subsource": "",
        "utm_ad_group": "",
        "utm_ad": "",
        "utm_channel": "",
        "keyword": "",
        "site_url": "https:\/\/evershinebliss.com\/",
        "contact": "",
        "random_val": "89012345678901234567",
        "USOURCE": "google",
        "UMEDIUM": "search",
        "UCAMPAIGN": "Mumbai%20Bliss",
        "UCONTENT": "",
        "UTERM": "",
        "IREFERRER": "direct",
        "LREFERRER": "direct",
        "ILANDPAGE": "https%3A\/\/evershinebliss.com\/",
        "VISITS": "1",
        "utm_source": "google",
        "ip_address": "43.251.73.183"
    }
}

{
    "time": "2026-01-16 13:35:13",
    "status": "INFO",
    "type": "leads",
    "data": {
        "fname": "Nina",
        "lname": "Pearl",
        "phone": "7672412455",
        "email": "qabo@mailinator.com",
        "utm_campaign": "Mumbai Bliss",
        "formtype": "contact",
        "tracker_code": "",
        "gclid": "",
        "utm_term": "",
        "utm_placement": "",
        "utm_device": "",
        "utm_subsource": "",
        "utm_ad_group": "",
        "utm_ad": "",
        "utm_channel": "",
        "keyword": "",
        "site_url": "https:\/\/evershinebliss.com\/",
        "contact": "",
        "random_val": "89012345678901234567",
        "USOURCE": "google",
        "UMEDIUM": "search",
        "UCAMPAIGN": "Mumbai%20Bliss",
        "UCONTENT": "",
        "UTERM": "",
        "IREFERRER": "direct",
        "LREFERRER": "direct",
        "ILANDPAGE": "https%3A\/\/evershinebliss.com\/",
        "VISITS": "1",
        "utm_source": "google",
        "ip_address": "43.251.73.183"
    }
}

{
    "time": "2026-01-16 13:36:49",
    "status": "INFO",
    "type": "leads",
    "data": {
        "fname": "Nathan",
        "lname": "Chanda",
        "phone": "7514456656",
        "email": "woduj@mailinator.com",
        "formtype": "enquire",
        "tracker_code": "",
        "gclid": "",
        "utm_term": "",
        "utm_placement": "",
        "utm_device": "",
        "utm_subsource": "",
        "utm_ad_group": "",
        "utm_ad": "",
        "utm_channel": "",
        "keyword": "",
        "utm_source": "google",
        "site_url": "https:\/\/evershinebliss.com\/",
        "contact": "",
        "random_val": "45678901234567890123",
        "USOURCE": "google",
        "UMEDIUM": "search",
        "UCAMPAIGN": "Mumbai%20Bliss",
        "UCONTENT": "",
        "UTERM": "",
        "IREFERRER": "direct",
        "LREFERRER": "direct",
        "ILANDPAGE": "https%3A\/\/evershinebliss.com\/",
        "VISITS": "1",
        "ip_address": "43.251.73.183"
    }
}

{
    "time": "2026-01-16 13:39:23",
    "status": "INFO",
    "type": "leads",
    "data": {
        "fname": "Imani",
        "lname": "Sylvester",
        "phone": "9879865623",
        "email": "nopusi@mailinator.com",
        "formtype": "enquire",
        "tracker_code": "",
        "gclid": "",
        "utm_term": "",
        "utm_placement": "",
        "utm_device": "",
        "utm_subsource": "",
        "utm_ad_group": "",
        "utm_ad": "",
        "utm_channel": "",
        "keyword": "",
        "utm_source": "google",
        "site_url": "https:\/\/evershinebliss.com\/",
        "contact": "",
        "random_val": "23456789012345678901",
        "USOURCE": "google",
        "UMEDIUM": "search",
        "UCAMPAIGN": "Mumbai%20Bliss",
        "UCONTENT": "",
        "UTERM": "",
        "IREFERRER": "direct",
        "LREFERRER": "direct",
        "ILANDPAGE": "https%3A\/\/evershinebliss.com\/",
        "VISITS": "1",
        "ip_address": "43.251.73.183"
    }
}

{
    "time": "2026-01-16 13:40:17",
    "status": "INFO",
    "type": "leads",
    "data": {
        "fname": "Pearson",
        "lname": "Courtney",
        "phone": "9664565654",
        "email": "vagiqa@mailinator.com",
        "formtype": "enquire",
        "tracker_code": "",
        "gclid": "",
        "utm_term": "",
        "utm_placement": "",
        "utm_device": "",
        "utm_subsource": "",
        "utm_ad_group": "",
        "utm_ad": "",
        "utm_channel": "",
        "keyword": "",
        "utm_source": "google",
        "site_url": "https:\/\/evershinebliss.com\/",
        "contact": "",
        "random_val": "12345678901234567890",
        "USOURCE": "google",
        "UMEDIUM": "search",
        "UCAMPAIGN": "Mumbai%20Bliss",
        "UCONTENT": "",
        "UTERM": "",
        "IREFERRER": "direct",
        "LREFERRER": "direct",
        "ILANDPAGE": "https%3A\/\/evershinebliss.com\/",
        "VISITS": "1",
        "ip_address": "43.251.73.183"
    }
}

{
    "time": "2026-01-16 13:43:09",
    "status": "INFO",
    "type": "leads",
    "data": {
        "fname": "Victor",
        "lname": "Daria",
        "phone": "9565487524",
        "email": "zunig@GMAIL.com",
        "formtype": "enquire",
        "tracker_code": "",
        "gclid": "",
        "utm_term": "",
        "utm_placement": "",
        "utm_device": "",
        "utm_subsource": "",
        "utm_ad_group": "",
        "utm_ad": "",
        "utm_channel": "",
        "keyword": "",
        "utm_source": "google",
        "site_url": "https:\/\/evershinebliss.com\/",
        "contact": "",
        "random_val": "56789012345678901234",
        "USOURCE": "google",
        "UMEDIUM": "search",
        "UCAMPAIGN": "Mumbai%20Bliss",
        "UCONTENT": "",
        "UTERM": "",
        "IREFERRER": "direct",
        "LREFERRER": "direct",
        "ILANDPAGE": "https%3A\/\/evershinebliss.com\/",
        "VISITS": "1",
        "ip_address": "43.251.73.183"
    }
}

{
    "time": "2026-01-16 13:45:36",
    "status": "INFO",
    "type": "leads",
    "data": {
        "fname": "Jason",
        "lname": "Ava",
        "phone": "9485576454",
        "email": "suzebice@gmail.com",
        "formtype": "enquire",
        "tracker_code": "",
        "gclid": "",
        "utm_term": "",
        "utm_placement": "",
        "utm_device": "",
        "utm_subsource": "",
        "utm_ad_group": "",
        "utm_ad": "",
        "utm_channel": "",
        "keyword": "",
        "utm_source": "google",
        "site_url": "https:\/\/evershinebliss.com\/",
        "contact": "",
        "random_val": "90123456789012345678",
        "USOURCE": "google",
        "UMEDIUM": "search",
        "UCAMPAIGN": "Mumbai%20Bliss",
        "UCONTENT": "",
        "UTERM": "",
        "IREFERRER": "direct",
        "LREFERRER": "direct",
        "ILANDPAGE": "https%3A\/\/evershinebliss.com\/",
        "VISITS": "1",
        "ip_address": "43.251.73.183"
    }
}

{
    "time": "2026-01-16 13:47:16",
    "status": "INFO",
    "type": "leads",
    "data": {
        "fname": "Long",
        "lname": "Nichole",
        "phone": "9856463468",
        "email": "wovacy@mailinator.com",
        "formtype": "enquire",
        "tracker_code": "",
        "gclid": "",
        "utm_term": "",
        "utm_placement": "",
        "utm_device": "",
        "utm_subsource": "",
        "utm_ad_group": "",
        "utm_ad": "",
        "utm_channel": "",
        "keyword": "",
        "utm_source": "google",
        "site_url": "https:\/\/evershinebliss.com\/",
        "contact": "",
        "random_val": "67890123456789012345",
        "USOURCE": "google",
        "UMEDIUM": "search",
        "UCAMPAIGN": "Mumbai%20Bliss",
        "UCONTENT": "",
        "UTERM": "",
        "IREFERRER": "direct",
        "LREFERRER": "direct",
        "ILANDPAGE": "https%3A\/\/evershinebliss.com\/",
        "VISITS": "1",
        "ip_address": "43.251.73.183"
    }
}

{
    "time": "2026-01-16 13:48:31",
    "status": "INFO",
    "type": "leads",
    "data": {
        "fname": "Wade",
        "lname": "Walter",
        "phone": "9895651455",
        "email": "senilytihu@freschee.com",
        "formtype": "enquire",
        "tracker_code": "",
        "gclid": "",
        "utm_term": "",
        "utm_placement": "",
        "utm_device": "",
        "utm_subsource": "",
        "utm_ad_group": "",
        "utm_ad": "",
        "utm_channel": "",
        "keyword": "",
        "utm_source": "google",
        "site_url": "https:\/\/evershinebliss.com\/",
        "contact": "",
        "random_val": "23456789012345678901",
        "USOURCE": "google",
        "UMEDIUM": "search",
        "UCAMPAIGN": "Mumbai%20Bliss",
        "UCONTENT": "",
        "UTERM": "",
        "IREFERRER": "direct",
        "LREFERRER": "direct",
        "ILANDPAGE": "https%3A\/\/evershinebliss.com\/",
        "VISITS": "1",
        "ip_address": "43.251.73.183"
    }
}

{
    "time": "2026-01-16 13:57:57",
    "status": "INFO",
    "type": "leads",
    "data": {
        "fname": "Priscilla",
        "lname": "Lars",
        "phone": "7945594664",
        "email": "qoqote@mailinator.com",
        "formtype": "enquire",
        "tracker_code": "",
        "gclid": "",
        "utm_term": "",
        "utm_placement": "",
        "utm_device": "",
        "utm_subsource": "",
        "utm_ad_group": "",
        "utm_ad": "",
        "utm_channel": "",
        "keyword": "",
        "utm_source": "google",
        "site_url": "https:\/\/evershinebliss.com\/",
        "contact": "",
        "random_val": "12345678901234567890",
        "USOURCE": "google",
        "UMEDIUM": "search",
        "UCAMPAIGN": "Mumbai%20Bliss",
        "UCONTENT": "",
        "UTERM": "",
        "IREFERRER": "direct",
        "LREFERRER": "direct",
        "ILANDPAGE": "https%3A\/\/evershinebliss.com\/",
        "VISITS": "1",
        "ip_address": "43.251.73.183"
    }
}

{
    "time": "2026-01-16 16:32:54",
    "status": "INFO",
    "type": "leads",
    "data": {
        "fname": "sartak",
        "lname": "jain",
        "phone": "6286541955",
        "email": "test@gmail.com",
        "formtype": "enquire",
        "tracker_code": "",
        "gclid": "",
        "utm_term": "Generic",
        "utm_placement": "",
        "utm_device": "",
        "utm_subsource": "",
        "utm_ad_group": "",
        "utm_ad": "",
        "utm_channel": "",
        "keyword": "",
        "utm_source": "Google",
        "site_url": "https:\/\/evershinebliss.com\/",
        "contact": "",
        "random_val": "23456789012345678901",
        "USOURCE": "Google",
        "UMEDIUM": "search",
        "UCAMPAIGN": "Mumbai%20Bliss",
        "UCONTENT": "",
        "UTERM": "Generic",
        "IREFERRER": "direct",
        "LREFERRER": "direct",
        "ILANDPAGE": "https%3A\/\/evershinebliss.com\/",
        "VISITS": "8",
        "ip_address": "43.252.35.217"
    }
}

{
    "time": "2026-01-16 16:34:18",
    "status": "INFO",
    "type": "leads",
    "data": {
        "fname": "jignesh",
        "lname": "patel",
        "phone": "8675432678",
        "email": "jignesg@gmail.com",
        "formtype": "enquire",
        "tracker_code": "",
        "gclid": "",
        "utm_term": "Generic",
        "utm_placement": "",
        "utm_device": "",
        "utm_subsource": "",
        "utm_ad_group": "",
        "utm_ad": "",
        "utm_channel": "",
        "keyword": "",
        "utm_source": "Google",
        "site_url": "https:\/\/evershinebliss.com\/",
        "contact": "",
        "random_val": "67890123456789012345",
        "USOURCE": "Google",
        "UMEDIUM": "search",
        "UCAMPAIGN": "Mumbai%20Bliss",
        "UCONTENT": "",
        "UTERM": "Generic",
        "IREFERRER": "direct",
        "LREFERRER": "direct",
        "ILANDPAGE": "https%3A\/\/evershinebliss.com\/",
        "VISITS": "8",
        "ip_address": "43.252.35.217"
    }
}

{
    "time": "2026-01-16 16:37:22",
    "status": "INFO",
    "type": "leads",
    "data": {
        "fname": "makrand",
        "lname": "Jain",
        "phone": "6574747483",
        "email": "makrand121@gmail.com",
        "formtype": "enquire",
        "tracker_code": "",
        "gclid": "",
        "utm_term": "",
        "utm_placement": "",
        "utm_device": "",
        "utm_subsource": "",
        "utm_ad_group": "",
        "utm_ad": "",
        "utm_channel": "",
        "keyword": "",
        "utm_source": "Google",
        "site_url": "https:\/\/evershinebliss.com\/",
        "contact": "",
        "random_val": "01234567890123456789",
        "USOURCE": "Google",
        "UMEDIUM": "search",
        "UCAMPAIGN": "Mumbai%20Bliss",
        "UCONTENT": "",
        "UTERM": "Generic",
        "IREFERRER": "direct",
        "LREFERRER": "direct",
        "ILANDPAGE": "https%3A\/\/evershinebliss.com\/",
        "VISITS": "8",
        "ip_address": "43.252.35.217"
    }
}

{
    "time": "2026-01-16 16:38:58",
    "status": "INFO",
    "type": "leads",
    "data": {
        "fname": "mmm",
        "lname": "ppp",
        "phone": "8329711206",
        "email": "abdsd@gmail.com",
        "formtype": "enquire",
        "tracker_code": "",
        "gclid": "",
        "utm_term": "",
        "utm_placement": "",
        "utm_device": "",
        "utm_subsource": "",
        "utm_ad_group": "",
        "utm_ad": "",
        "utm_channel": "",
        "keyword": "",
        "utm_source": "",
        "site_url": "https:\/\/evershinebliss.com\/",
        "contact": "",
        "random_val": "67890123456789012345",
        "USOURCE": "",
        "UMEDIUM": "",
        "UCAMPAIGN": "",
        "UCONTENT": "",
        "UTERM": "",
        "IREFERRER": "direct",
        "LREFERRER": "direct",
        "ILANDPAGE": "https%3A\/\/evershinebliss.com\/",
        "VISITS": "2",
        "ip_address": "103.141.110.140"
    }
}

{
    "time": "2026-01-16 16:41:14",
    "status": "INFO",
    "type": "leads",
    "data": {
        "fname": "abcd",
        "lname": "asdff",
        "phone": "9564535353",
        "email": "tefrt@gmail.com",
        "formtype": "enquire",
        "tracker_code": "",
        "gclid": "",
        "utm_term": "Generic",
        "utm_placement": "",
        "utm_device": "",
        "utm_subsource": "",
        "utm_ad_group": "",
        "utm_ad": "",
        "utm_channel": "",
        "keyword": "",
        "utm_source": "Google",
        "site_url": "https:\/\/evershinebliss.com\/",
        "contact": "",
        "random_val": "89012345678901234567",
        "USOURCE": "Google",
        "UMEDIUM": "search",
        "UCAMPAIGN": "Mumbai%20Bliss",
        "UCONTENT": "",
        "UTERM": "Generic",
        "IREFERRER": "direct",
        "LREFERRER": "direct",
        "ILANDPAGE": "https%3A\/\/evershinebliss.com\/",
        "VISITS": "8",
        "ip_address": "43.252.35.217"
    }
}

{
    "time": "2026-01-16 16:43:47",
    "status": "INFO",
    "type": "leads",
    "data": {
        "fname": "mumbai",
        "lname": "khar",
        "phone": "8787878782",
        "email": "yusuf@gmail.com",
        "formtype": "enquire",
        "tracker_code": "",
        "gclid": "",
        "utm_term": "Generic",
        "utm_placement": "",
        "utm_device": "",
        "utm_subsource": "",
        "utm_ad_group": "",
        "utm_ad": "",
        "utm_channel": "",
        "keyword": "",
        "utm_source": "Google",
        "site_url": "https:\/\/evershinebliss.com\/",
        "contact": "",
        "random_val": "12345678901234567890",
        "USOURCE": "Google",
        "UMEDIUM": "search",
        "UCAMPAIGN": "Mumbai%20Bliss",
        "UCONTENT": "",
        "UTERM": "Generic",
        "IREFERRER": "direct",
        "LREFERRER": "direct",
        "ILANDPAGE": "https%3A\/\/evershinebliss.com\/",
        "VISITS": "8",
        "ip_address": "43.252.35.217"
    }
}

